<?xml version="1.0" encoding="UTF-8"?>
<!-- Generated by org.testng.reporters.JUnitReportReporter -->
<testsuite hostname="LIN51007274" name="com.tw.test.TestCars" tests="3" failures="0" timestamp="16 Dec 2021 15:16:29 GMT" time="0.011" errors="0">
  <testcase name="test2" time="0.000" classname="com.tw.test.TestCars"/>
  <testcase name="test1" time="0.010" classname="com.tw.test.TestCars"/>
  <testcase name="test3" time="0.001" classname="com.tw.test.TestCars"/>
</testsuite> <!-- com.tw.test.TestCars -->
